<?xml version="1.0" encoding="UTF-8"?>
<!-- Generated by org.testng.reporters.JUnitXMLReporter -->
<testsuite ignored="0" hostname="Nidhis-MacBook-Pro.local" failures="0" tests="4" name="Default test" time="8.158" errors="0" timestamp="2024-05-07T16:00:48 MST">
  <testcase classname="day1.HTTPRequests" name="getUser" time="5.141"/>
  <testcase classname="day1.HTTPRequests" name="createUser" time="1.631"/>
  <testcase classname="day1.HTTPRequests" name="updateUser" time="0.682"/>
  <testcase classname="day1.HTTPRequests" name="deleteUser" time="0.519"/>
</testsuite> <!-- Default test -->
