<?xml version="1.0" encoding="UTF-8"?>
<!-- Generated by org.testng.reporters.JUnitXMLReporter -->
<testsuite ignored="0" hostname="Nidhis-MacBook-Pro.local" failures="0" tests="3" name="Default test" time="14.73" errors="0" timestamp="2025-01-30T09:51:56 MST">
  <testcase classname="newRest.DynamicJson" name="addBook" time="8.148"/>
  <testcase classname="newRest.DynamicJson" name="addBook" time="3.358"/>
  <testcase classname="newRest.DynamicJson" name="addBook" time="3.078"/>
</testsuite> <!-- Default test -->
