<?xml version="1.0" encoding="UTF-8"?>
<testng-results ignored="0" total="3" passed="3" failed="0" skipped="0">
  <reporter-output>
  </reporter-output>
  <suite started-at="2025-01-30T09:51:41 MST" name="Default suite" finished-at="2025-01-30T09:51:56 MST" duration-ms="14730">
    <groups>
    </groups>
    <test started-at="2025-01-30T09:51:41 MST" name="Default test" finished-at="2025-01-30T09:51:56 MST" duration-ms="14730">
      <class name="newRest.DynamicJson">
        <test-method signature="addBook(java.lang.String,java.lang.String)[pri:0, instance:newRest.DynamicJson@6892b3b6]" started-at="2025-01-30T09:51:41 MST" name="addBook" data-provider="bookdata" finished-at="2025-01-30T09:51:49 MST" duration-ms="8148" status="PASS">
          <params>
            <param index="0">
              <value>
                <![CDATA[tfer]]>
              </value>
            </param>
            <param index="1">
              <value>
                <![CDATA[2314]]>
              </value>
            </param>
          </params>
          <reporter-output>
          </reporter-output>
        </test-method> <!-- addBook -->
        <test-method signature="addBook(java.lang.String,java.lang.String)[pri:0, instance:newRest.DynamicJson@6892b3b6]" started-at="2025-01-30T09:51:49 MST" name="addBook" data-provider="bookdata" finished-at="2025-01-30T09:51:53 MST" duration-ms="3358" status="PASS">
          <params>
            <param index="0">
              <value>
                <![CDATA[rtes]]>
              </value>
            </param>
            <param index="1">
              <value>
                <![CDATA[3241]]>
              </value>
            </param>
          </params>
          <reporter-output>
          </reporter-output>
        </test-method> <!-- addBook -->
        <test-method signature="addBook(java.lang.String,java.lang.String)[pri:0, instance:newRest.DynamicJson@6892b3b6]" started-at="2025-01-30T09:51:53 MST" name="addBook" data-provider="bookdata" finished-at="2025-01-30T09:51:56 MST" duration-ms="3078" status="PASS">
          <params>
            <param index="0">
              <value>
                <![CDATA[reds]]>
              </value>
            </param>
            <param index="1">
              <value>
                <![CDATA[5432]]>
              </value>
            </param>
          </params>
          <reporter-output>
          </reporter-output>
        </test-method> <!-- addBook -->
      </class> <!-- newRest.DynamicJson -->
    </test> <!-- Default test -->
  </suite> <!-- Default suite -->
</testng-results>
